Startpoint: inst_762 (rising edge-triggered flip-flop clocked by clk)
Endpoint: inst_765 (rising edge-triggered flip-flop clocked by clk)
Path Group: clk
Path Type: min

  Delay    Time   Description
---------------------------------------------------------
   0.00    0.00   clock clk (rise edge)
   0.00    0.00   clock network delay (ideal)
   0.00    0.00 ^ inst_762/CK (DFFR_X2)
  93.51   93.51 ^ inst_762/QN (DFFR_X2)
   8.41  101.92 v inst_46/ZN (NOR2_X4)
   3.27  105.19 ^ inst_618/ZN (INV_X4)
   6.37  111.55 v inst_325/ZN (NAND2_X2)
   7.65  119.20 ^ inst_359/ZN (NAND2_X2)
  16.39  135.60 v inst_182/ZN (NAND3_X2)
   7.09  142.69 ^ inst_484/ZN (NAND2_X2)
   0.00  142.69 ^ inst_765/D (DFFR_X1)
         142.69   data arrival time

   0.00    0.00   clock clk (rise edge)
   0.00    0.00   clock network delay (ideal)
   0.00    0.00   clock reconvergence pessimism
           0.00 ^ inst_765/CK (DFFR_X1)
   3.17    3.17   library hold time
           3.17   data required time
---------------------------------------------------------
           3.17   data required time
        -142.69   data arrival time
---------------------------------------------------------
         139.52   slack (MET)


Startpoint: inst_765 (rising edge-triggered flip-flop clocked by clk)
Endpoint: inst_765 (rising edge-triggered flip-flop clocked by clk)
Path Group: clk
Path Type: min

  Delay    Time   Description
---------------------------------------------------------
   0.00    0.00   clock clk (rise edge)
   0.00    0.00   clock network delay (ideal)
   0.00    0.00 ^ inst_765/CK (DFFR_X1)
  87.80   87.80 ^ inst_765/QN (DFFR_X1)
   9.69   97.49 v inst_458/ZN (NAND2_X2)
   3.87  101.36 ^ inst_231/ZN (NAND2_X4)
   6.28  107.64 v inst_480/ZN (NAND2_X2)
   4.67  112.31 ^ inst_484/ZN (NAND2_X2)
   0.00  112.31 ^ inst_765/D (DFFR_X1)
         112.31   data arrival time

   0.00    0.00   clock clk (rise edge)
   0.00    0.00   clock network delay (ideal)
   0.00    0.00   clock reconvergence pessimism
           0.00 ^ inst_765/CK (DFFR_X1)
   3.17    3.17   library hold time
           3.17   data required time
---------------------------------------------------------
           3.17   data required time
        -112.31   data arrival time
---------------------------------------------------------
         109.14   slack (MET)


Startpoint: inst_762 (rising edge-triggered flip-flop clocked by clk)
Endpoint: inst_765 (rising edge-triggered flip-flop clocked by clk)
Path Group: clk
Path Type: min

  Delay    Time   Description
---------------------------------------------------------
   0.00    0.00   clock clk (rise edge)
   0.00    0.00   clock network delay (ideal)
   0.00    0.00 ^ inst_762/CK (DFFR_X2)
  93.51   93.51 ^ inst_762/QN (DFFR_X2)
   8.41  101.92 v inst_46/ZN (NOR2_X4)
   3.27  105.19 ^ inst_618/ZN (INV_X4)
   6.37  111.55 v inst_325/ZN (NAND2_X2)
   7.65  119.20 ^ inst_359/ZN (NAND2_X2)
  16.39  135.60 v inst_182/ZN (NAND3_X2)
   7.09  142.69 ^ inst_484/ZN (NAND2_X2)
   0.00  142.69 ^ inst_765/D (DFFR_X1)
         142.69   data arrival time

   0.00    0.00   clock clk (rise edge)
   0.00    0.00   clock network delay (ideal)
   0.00    0.00   clock reconvergence pessimism
           0.00 ^ inst_765/CK (DFFR_X1)
   3.17    3.17   library hold time
           3.17   data required time
---------------------------------------------------------
           3.17   data required time
        -142.69   data arrival time
---------------------------------------------------------
         139.52   slack (MET)


Startpoint: inst_765 (rising edge-triggered flip-flop clocked by clk)
Endpoint: inst_765 (rising edge-triggered flip-flop clocked by clk)
Path Group: clk
Path Type: min

  Delay    Time   Description
---------------------------------------------------------
   0.00    0.00   clock clk (rise edge)
   0.00    0.00   clock network delay (ideal)
   0.00    0.00 ^ inst_765/CK (DFFR_X1)
  87.80   87.80 ^ inst_765/QN (DFFR_X1)
   9.69   97.49 v inst_458/ZN (NAND2_X2)
   3.87  101.36 ^ inst_231/ZN (NAND2_X4)
   6.28  107.64 v inst_480/ZN (NAND2_X2)
   4.67  112.31 ^ inst_484/ZN (NAND2_X2)
   0.00  112.31 ^ inst_765/D (DFFR_X1)
         112.31   data arrival time

   0.00    0.00   clock clk (rise edge)
   0.00    0.00   clock network delay (ideal)
   0.00    0.00   clock reconvergence pessimism
           0.00 ^ inst_765/CK (DFFR_X1)
   3.17    3.17   library hold time
           3.17   data required time
---------------------------------------------------------
           3.17   data required time
        -112.31   data arrival time
---------------------------------------------------------
         109.14   slack (MET)


Startpoint: inst_762 (rising edge-triggered flip-flop clocked by clk)
Endpoint: inst_765 (rising edge-triggered flip-flop clocked by clk)
Path Group: clk
Path Type: min

  Delay    Time   Description
---------------------------------------------------------
   0.00    0.00   clock clk (rise edge)
   0.00    0.00   clock network delay (ideal)
   0.00    0.00 ^ inst_762/CK (DFFR_X2)
  93.51   93.51 ^ inst_762/QN (DFFR_X2)
   8.41  101.92 v inst_46/ZN (NOR2_X4)
   3.27  105.19 ^ inst_618/ZN (INV_X4)
   6.37  111.55 v inst_325/ZN (NAND2_X2)
   7.65  119.20 ^ inst_359/ZN (NAND2_X2)
  16.39  135.60 v inst_182/ZN (NAND3_X2)
   7.09  142.69 ^ inst_484/ZN (NAND2_X2)
   0.00  142.69 ^ inst_765/D (DFFR_X1)
         142.69   data arrival time

   0.00    0.00   clock clk (rise edge)
   0.00    0.00   clock network delay (ideal)
   0.00    0.00   clock reconvergence pessimism
           0.00 ^ inst_765/CK (DFFR_X1)
   3.17    3.17   library hold time
           3.17   data required time
---------------------------------------------------------
           3.17   data required time
        -142.69   data arrival time
---------------------------------------------------------
         139.52   slack (MET)


Startpoint: inst_765 (rising edge-triggered flip-flop clocked by clk)
Endpoint: inst_765 (rising edge-triggered flip-flop clocked by clk)
Path Group: clk
Path Type: min

  Delay    Time   Description
---------------------------------------------------------
   0.00    0.00   clock clk (rise edge)
   0.00    0.00   clock network delay (ideal)
   0.00    0.00 ^ inst_765/CK (DFFR_X1)
  87.80   87.80 ^ inst_765/QN (DFFR_X1)
   9.69   97.49 v inst_458/ZN (NAND2_X2)
   3.87  101.36 ^ inst_231/ZN (NAND2_X4)
   6.28  107.64 v inst_480/ZN (NAND2_X2)
   4.67  112.31 ^ inst_484/ZN (NAND2_X2)
   0.00  112.31 ^ inst_765/D (DFFR_X1)
         112.31   data arrival time

   0.00    0.00   clock clk (rise edge)
   0.00    0.00   clock network delay (ideal)
   0.00    0.00   clock reconvergence pessimism
           0.00 ^ inst_765/CK (DFFR_X1)
   3.17    3.17   library hold time
           3.17   data required time
---------------------------------------------------------
           3.17   data required time
        -112.31   data arrival time
---------------------------------------------------------
         109.14   slack (MET)


